<?xml version="1.0" encoding="utf-8"?><testsuites name="pytest tests"><testsuite name="pytest" errors="0" failures="0" skipped="0" tests="22" time="3.031" timestamp="2026-04-23T22:00:39.258778+00:00" hostname="agent-env-d5e926b2-ecad-403b-b10f-277430654696"><testcase classname="backend.tests.test_latinhub_api.TestHealth" name="test_root_ok" time="0.147" /><testcase classname="backend.tests.test_latinhub_api.TestAuth" name="test_login_admin_success" time="0.282" /><testcase classname="backend.tests.test_latinhub_api.TestAuth" name="test_login_wrong_password_401" time="0.283" /><testcase classname="backend.tests.test_latinhub_api.TestAuth" name="test_register_new_user" time="0.394" /><testcase classname="backend.tests.test_latinhub_api.TestAuth" name="test_me_with_token" time="0.344" /><testcase classname="backend.tests.test_latinhub_api.TestAuth" name="test_me_without_token_401" time="0.144" /><testcase classname="backend.tests.test_latinhub_api.TestAuth" name="test_me_with_invalid_token_401" time="0.060" /><testcase classname="backend.tests.test_latinhub_api.TestEvents" name="test_list_events_seeded" time="0.055" /><testcase classname="backend.tests.test_latinhub_api.TestEvents" name="test_filter_by_genre_bachata" time="0.092" /><testcase classname="backend.tests.test_latinhub_api.TestEvents" name="test_filter_by_city_milano" time="0.056" /><testcase classname="backend.tests.test_latinhub_api.TestEvents" name="test_filter_featured_true" time="0.054" /><testcase classname="backend.tests.test_latinhub_api.TestEvents" name="test_get_single_event" time="0.161" /><testcase classname="backend.tests.test_latinhub_api.TestEvents" name="test_get_missing_event_404" time="0.066" /><testcase classname="backend.tests.test_latinhub_api.TestEvents" name="test_create_event_requires_auth" time="0.148" /><testcase classname="backend.tests.test_latinhub_api.TestEvents" name="test_create_event_with_token" time="0.126" /><testcase classname="backend.tests.test_latinhub_api.TestDJs" name="test_list_djs_sorted_by_followers" time="0.069" /><testcase classname="backend.tests.test_latinhub_api.TestDJs" name="test_filter_verified_true" time="0.074" /><testcase classname="backend.tests.test_latinhub_api.TestDJs" name="test_get_single_dj_has_spotify" time="0.116" /><testcase classname="backend.tests.test_latinhub_api.TestMixes" name="test_list_mixes_seeded" time="0.060" /><testcase classname="backend.tests.test_latinhub_api.TestMixes" name="test_filter_mixes_bachata" time="0.054" /><testcase classname="backend.tests.test_latinhub_api.TestMixes" name="test_get_mix_increments_plays" time="0.125" /><testcase classname="backend.tests.test_latinhub_api.TestCities" name="test_cities_sorted" time="0.053" /></testsuite></testsuites>