<?xml version="1.0" encoding="utf-8"?><testsuites name="pytest tests"><testsuite name="pytest" errors="0" failures="1" skipped="0" tests="56" time="9.339" timestamp="2026-04-24T00:02:41.111159+00:00" hostname="agent-env-d5e926b2-ecad-403b-b10f-277430654696"><testcase classname="backend.tests.test_boost_and_djs.TestAuthRegression" name="test_admin_login_200" time="0.388" /><testcase classname="backend.tests.test_boost_and_djs.TestEventCreateAsAdmin" name="test_admin_create_event_sets_owner_id" time="0.384" /><testcase classname="backend.tests.test_boost_and_djs.TestBoostEvent" name="test_boost_requires_auth_401" time="0.056" /><testcase classname="backend.tests.test_boost_and_djs.TestBoostEvent" name="test_boost_forbidden_for_non_owner_non_admin_403" time="0.340" /><testcase classname="backend.tests.test_boost_and_djs.TestBoostEvent" name="test_boost_admin_creates_checkout_session" time="0.491" /><testcase classname="backend.tests.test_boost_and_djs.TestBoostEvent" name="test_payment_transaction_recorded_in_db" time="0.091" /><testcase classname="backend.tests.test_boost_and_djs.TestBoostEvent" name="test_payment_status_returns_checkout_state" time="0.282"><failure message="Failed: GET /api/payments/status/{session_id} returned 500 — Stripe could not retrieve the session it just created. This is a backend/integration bug: emergentintegrations create-&gt;retrieve mismatch or unhandled CheckoutError (no try/except around stripe.get_checkout_status in server.py line 402).">E   Failed: GET /api/payments/status/{session_id} returned 500 — Stripe could not retrieve the session it just created. This is a backend/integration bug: emergentintegrations create-&gt;retrieve mismatch or unhandled CheckoutError (no try/except around stripe.get_checkout_status in server.py line 402).</failure></testcase><testcase classname="backend.tests.test_boost_and_djs.TestBoostEvent" name="test_payment_status_404_for_unknown_session" time="0.055" /><testcase classname="backend.tests.test_boost_and_djs.TestBoostEvent" name="test_boost_404_for_unknown_event" time="0.058" /><testcase classname="backend.tests.test_boost_and_djs.TestDJRegistration" name="test_create_dj_requires_auth_401" time="0.055" /><testcase classname="backend.tests.test_boost_and_djs.TestDJRegistration" name="test_create_dj_validation_bio_too_short_422" time="0.334" /><testcase classname="backend.tests.test_boost_and_djs.TestDJRegistration" name="test_create_dj_validation_name_too_short_422" time="0.336" /><testcase classname="backend.tests.test_boost_and_djs.TestDJRegistration" name="test_create_dj_ok_returns_slug_and_owner" time="0.406" /><testcase classname="backend.tests.test_boost_and_djs.TestDJRegistration" name="test_my_dj_requires_auth_and_returns_null_for_new_user" time="0.372" /><testcase classname="backend.tests.test_boost_and_djs.TestSeedRegression" name="test_playlists_position_1_is_latinhub" time="0.053" /><testcase classname="backend.tests.test_boost_and_djs.TestSeedRegression" name="test_djs_mauro_first" time="0.052" /><testcase classname="backend.tests.test_boost_and_djs.TestSeedRegression" name="test_schools_five_seeded" time="0.071" /><testcase classname="backend.tests.test_latinhub_api.TestHealth" name="test_root_ok" time="0.048" /><testcase classname="backend.tests.test_latinhub_api.TestAuth" name="test_login_admin_success" time="0.279" /><testcase classname="backend.tests.test_latinhub_api.TestAuth" name="test_login_wrong_password_401" time="0.299" /><testcase classname="backend.tests.test_latinhub_api.TestAuth" name="test_register_new_user" time="0.810" /><testcase classname="backend.tests.test_latinhub_api.TestAuth" name="test_me_with_token" time="0.053" /><testcase classname="backend.tests.test_latinhub_api.TestAuth" name="test_me_without_token_401" time="0.331" /><testcase classname="backend.tests.test_latinhub_api.TestAuth" name="test_me_with_invalid_token_401" time="0.098" /><testcase classname="backend.tests.test_latinhub_api.TestEvents" name="test_list_events_seeded" time="0.215" /><testcase classname="backend.tests.test_latinhub_api.TestEvents" name="test_filter_by_genre_bachata" time="0.052" /><testcase classname="backend.tests.test_latinhub_api.TestEvents" name="test_filter_by_city_milano" time="0.107" /><testcase classname="backend.tests.test_latinhub_api.TestEvents" name="test_filter_featured_true" time="0.066" /><testcase classname="backend.tests.test_latinhub_api.TestEvents" name="test_get_single_event" time="0.146" /><testcase classname="backend.tests.test_latinhub_api.TestEvents" name="test_get_missing_event_404" time="0.078" /><testcase classname="backend.tests.test_latinhub_api.TestEvents" name="test_create_event_requires_auth" time="0.164" /><testcase classname="backend.tests.test_latinhub_api.TestEvents" name="test_create_event_with_token" time="0.138" /><testcase classname="backend.tests.test_latinhub_api.TestDJs" name="test_list_djs_sorted_by_followers" time="0.052" /><testcase classname="backend.tests.test_latinhub_api.TestDJs" name="test_filter_verified_true" time="0.054" /><testcase classname="backend.tests.test_latinhub_api.TestDJs" name="test_get_single_dj_has_spotify" time="0.102" /><testcase classname="backend.tests.test_latinhub_api.TestMixes" name="test_list_mixes_seeded" time="0.055" /><testcase classname="backend.tests.test_latinhub_api.TestMixes" name="test_filter_mixes_bachata" time="0.051" /><testcase classname="backend.tests.test_latinhub_api.TestMixes" name="test_get_mix_increments_plays" time="0.116" /><testcase classname="backend.tests.test_latinhub_api.TestCities" name="test_cities_sorted" time="0.062" /><testcase classname="backend.tests.test_schools.TestSchoolsList" name="test_list_schools_seeded_five" time="0.052" /><testcase classname="backend.tests.test_schools.TestSchoolsList" name="test_list_schools_sorted_by_students_desc" time="0.051" /><testcase classname="backend.tests.test_schools.TestSchoolsList" name="test_filter_by_city_milano" time="0.052" /><testcase classname="backend.tests.test_schools.TestSchoolsList" name="test_filter_by_style_bachata" time="0.052" /><testcase classname="backend.tests.test_schools.TestSchoolsList" name="test_filter_style_all_returns_all" time="0.108" /><testcase classname="backend.tests.test_schools.TestSchoolDetail" name="test_get_single_school" time="0.115" /><testcase classname="backend.tests.test_schools.TestSchoolDetail" name="test_get_missing_school_404" time="0.053" /><testcase classname="backend.tests.test_schools.TestSchoolCreate" name="test_post_schools_without_token_401" time="0.153" /><testcase classname="backend.tests.test_schools.TestSchoolCreate" name="test_post_schools_with_token_creates" time="0.104" /><testcase classname="backend.tests.test_schools.TestSchoolCreate" name="test_post_bio_too_short_422" time="0.056" /><testcase classname="backend.tests.test_schools.TestSchoolCreate" name="test_post_name_too_short_422" time="0.052" /><testcase classname="backend.tests.test_schools.TestMySchool" name="test_my_school_without_token_401" time="0.154" /><testcase classname="backend.tests.test_schools.TestMySchool" name="test_my_school_for_new_user_returns_null" time="0.330" /><testcase classname="backend.tests.test_schools.TestMySchool" name="test_my_school_returns_created_school" time="0.376" /><testcase classname="backend.tests.test_schools.TestRegression" name="test_events_still_seeded" time="0.057" /><testcase classname="backend.tests.test_schools.TestRegression" name="test_djs_mauro_first_with_spotify" time="0.050" /><testcase classname="backend.tests.test_schools.TestRegression" name="test_admin_login_still_works" time="0.272" /></testsuite></testsuites>