<?xml version="1.0" encoding="utf-8"?><testsuites name="pytest tests"><testsuite name="pytest" errors="0" failures="1" skipped="0" tests="17" time="4.050" timestamp="2026-04-24T00:02:25.052227+00:00" hostname="agent-env-d5e926b2-ecad-403b-b10f-277430654696"><testcase classname="backend.tests.test_boost_and_djs.TestAuthRegression" name="test_admin_login_200" time="0.442" /><testcase classname="backend.tests.test_boost_and_djs.TestEventCreateAsAdmin" name="test_admin_create_event_sets_owner_id" time="0.393" /><testcase classname="backend.tests.test_boost_and_djs.TestBoostEvent" name="test_boost_requires_auth_401" time="0.054" /><testcase classname="backend.tests.test_boost_and_djs.TestBoostEvent" name="test_boost_forbidden_for_non_owner_non_admin_403" time="0.334" /><testcase classname="backend.tests.test_boost_and_djs.TestBoostEvent" name="test_boost_admin_creates_checkout_session" time="0.663" /><testcase classname="backend.tests.test_boost_and_djs.TestBoostEvent" name="test_payment_transaction_recorded_in_db" time="0.085" /><testcase classname="backend.tests.test_boost_and_djs.TestBoostEvent" name="test_payment_status_returns_checkout_state" time="0.230"><failure message="Failed: GET /api/payments/status/{session_id} returned 500 — Stripe could not retrieve the session it just created. This is a backend/integration bug: emergentintegrations create-&gt;retrieve mismatch or unhandled CheckoutError (no try/except around stripe.get_checkout_status in server.py line 402).">backend/tests/test_boost_and_djs.py:157: in test_payment_status_returns_checkout_state
    pytest.fail(
E   Failed: GET /api/payments/status/{session_id} returned 500 — Stripe could not retrieve the session it just created. This is a backend/integration bug: emergentintegrations create-&gt;retrieve mismatch or unhandled CheckoutError (no try/except around stripe.get_checkout_status in server.py line 402).</failure></testcase><testcase classname="backend.tests.test_boost_and_djs.TestBoostEvent" name="test_payment_status_404_for_unknown_session" time="0.055" /><testcase classname="backend.tests.test_boost_and_djs.TestBoostEvent" name="test_boost_404_for_unknown_event" time="0.054" /><testcase classname="backend.tests.test_boost_and_djs.TestDJRegistration" name="test_create_dj_requires_auth_401" time="0.052" /><testcase classname="backend.tests.test_boost_and_djs.TestDJRegistration" name="test_create_dj_validation_bio_too_short_422" time="0.331" /><testcase classname="backend.tests.test_boost_and_djs.TestDJRegistration" name="test_create_dj_validation_name_too_short_422" time="0.328" /><testcase classname="backend.tests.test_boost_and_djs.TestDJRegistration" name="test_create_dj_ok_returns_slug_and_owner" time="0.396" /><testcase classname="backend.tests.test_boost_and_djs.TestDJRegistration" name="test_my_dj_requires_auth_and_returns_null_for_new_user" time="0.393" /><testcase classname="backend.tests.test_boost_and_djs.TestSeedRegression" name="test_playlists_position_1_is_latinhub" time="0.053" /><testcase classname="backend.tests.test_boost_and_djs.TestSeedRegression" name="test_djs_mauro_first" time="0.051" /><testcase classname="backend.tests.test_boost_and_djs.TestSeedRegression" name="test_schools_five_seeded" time="0.057" /></testsuite></testsuites>