<?xml version="1.0" encoding="utf-8"?><testsuites name="pytest tests"><testsuite name="pytest" errors="0" failures="0" skipped="0" tests="17" time="2.511" timestamp="2026-04-23T22:56:36.019050+00:00" hostname="agent-env-d5e926b2-ecad-403b-b10f-277430654696"><testcase classname="backend.tests.test_schools.TestSchoolsList" name="test_list_schools_seeded_five" time="0.296" /><testcase classname="backend.tests.test_schools.TestSchoolsList" name="test_list_schools_sorted_by_students_desc" time="0.050" /><testcase classname="backend.tests.test_schools.TestSchoolsList" name="test_filter_by_city_milano" time="0.051" /><testcase classname="backend.tests.test_schools.TestSchoolsList" name="test_filter_by_style_bachata" time="0.046" /><testcase classname="backend.tests.test_schools.TestSchoolsList" name="test_filter_style_all_returns_all" time="0.096" /><testcase classname="backend.tests.test_schools.TestSchoolDetail" name="test_get_single_school" time="0.099" /><testcase classname="backend.tests.test_schools.TestSchoolDetail" name="test_get_missing_school_404" time="0.045" /><testcase classname="backend.tests.test_schools.TestSchoolCreate" name="test_post_schools_without_token_401" time="0.142" /><testcase classname="backend.tests.test_schools.TestSchoolCreate" name="test_post_schools_with_token_creates" time="0.372" /><testcase classname="backend.tests.test_schools.TestSchoolCreate" name="test_post_bio_too_short_422" time="0.048" /><testcase classname="backend.tests.test_schools.TestSchoolCreate" name="test_post_name_too_short_422" time="0.048" /><testcase classname="backend.tests.test_schools.TestMySchool" name="test_my_school_without_token_401" time="0.112" /><testcase classname="backend.tests.test_schools.TestMySchool" name="test_my_school_for_new_user_returns_null" time="0.325" /><testcase classname="backend.tests.test_schools.TestMySchool" name="test_my_school_returns_created_school" time="0.370" /><testcase classname="backend.tests.test_schools.TestRegression" name="test_events_still_seeded" time="0.048" /><testcase classname="backend.tests.test_schools.TestRegression" name="test_djs_mauro_first_with_spotify" time="0.047" /><testcase classname="backend.tests.test_schools.TestRegression" name="test_admin_login_still_works" time="0.269" /></testsuite></testsuites>